<?xml version="1.0" encoding="UTF-8"?>
<!-- Generated by org.testng.reporters.JUnitReportReporter -->
<testsuite hostname="DESKTOP-0H2MMO1" name="com.yoloj.TestCases.TC_UserRegister_Retest" tests="1" failures="0" timestamp="27 Aug 2020 06:19:45 GMT" time="34.841" errors="0">
  <testcase name="userRegister" time="34.841" classname="com.yoloj.TestCases.TC_UserRegister_Retest"/>
</testsuite> <!-- com.yoloj.TestCases.TC_UserRegister_Retest -->
