<?xml version="1.0" encoding="UTF-8"?>
<!-- Generated by org.testng.reporters.JUnitReportReporter -->
<testsuite hostname="DESKTOP-0H2MMO1" name="com.yoloj.TestCases.TC_UserRegister_Retest" tests="1" failures="0" timestamp="27 Aug 2020 03:22:36 GMT" time="57.869" errors="0">
  <testcase name="userRegister" time="57.869" classname="com.yoloj.TestCases.TC_UserRegister_Retest"/>
</testsuite> <!-- com.yoloj.TestCases.TC_UserRegister_Retest -->
