<?xml version="1.0" encoding="UTF-8"?>
<!-- Generated by org.testng.reporters.JUnitReportReporter -->
<testsuite hostname="DESKTOP-0H2MMO1" name="com.yoloj.TestCases.TC_ProviderRegister_OrgDetails" tests="1" failures="0" timestamp="9 Sep 2020 08:11:33 GMT" time="515.472" errors="0">
  <testcase name="OrgDetails" time="515.472" classname="com.yoloj.TestCases.TC_ProviderRegister_OrgDetails"/>
</testsuite> <!-- com.yoloj.TestCases.TC_ProviderRegister_OrgDetails -->
