<?xml version="1.0" encoding="UTF-8"?>
<!-- Generated by org.testng.reporters.JUnitReportReporter -->
<testsuite skipped="0" hostname="ArunAks" name="com.yoloj.TestCases.TC_Login_Retest" tests="1" failures="0" timestamp="2020-09-02T14:16:10 IST" time="35.511" errors="0">
  <testcase name="loginTestCase" time="35.511" classname="com.yoloj.TestCases.TC_Login_Retest"/>
  <system-out/>
</testsuite> <!-- com.yoloj.TestCases.TC_Login_Retest -->
