<?xml version="1.0" encoding="UTF-8"?>
<!-- Generated by org.testng.reporters.JUnitReportReporter -->
<testsuite skipped="0" hostname="ArunAks" name="com.yoloj.TestCases.ProviderRegister" tests="1" failures="0" timestamp="2020-09-02T12:03:28 IST" time="31.912" errors="0">
  <testcase name="providerRegister" time="31.912" classname="com.yoloj.TestCases.ProviderRegister"/>
  <system-out/>
</testsuite> <!-- com.yoloj.TestCases.ProviderRegister -->
