<?xml version="1.0" encoding="UTF-8"?>
<!-- Generated by org.testng.reporters.JUnitReportReporter -->
<testsuite hostname="DESKTOP-0H2MMO1" name="com.yoloj.TestCases.TC_Login_Retest" tests="1" failures="0" timestamp="29 Aug 2020 11:30:59 GMT" time="22.118" errors="0">
  <testcase name="loginTestCase" time="22.118" classname="com.yoloj.TestCases.TC_Login_Retest"/>
</testsuite> <!-- com.yoloj.TestCases.TC_Login_Retest -->
