<?xml version="1.0" encoding="UTF-8"?>
<!-- Generated by org.testng.reporters.JUnitReportReporter -->
<testsuite skipped="0" hostname="ArunAks" name="com.yoloj.TestCases.Sample" tests="1" failures="0" timestamp="2020-08-27T17:08:49 IST" time="13.309" errors="0">
  <testcase name="sample" time="13.309" classname="com.yoloj.TestCases.Sample"/>
  <system-out/>
</testsuite> <!-- com.yoloj.TestCases.Sample -->
