<?xml version="1.0" encoding="UTF-8"?>
<!-- Generated by org.testng.reporters.JUnitReportReporter -->
<testsuite hostname="DESKTOP-0H2MMO1" name="com.yoloj.TestCases.TC_ProviderRegister_Retest" tests="1" failures="0" timestamp="9 Sep 2020 08:11:33 GMT" time="494.237" errors="0">
  <testcase name="providerRegister" time="494.237" classname="com.yoloj.TestCases.TC_ProviderRegister_Retest"/>
</testsuite> <!-- com.yoloj.TestCases.TC_ProviderRegister_Retest -->
