<?xml version="1.0" encoding="UTF-8"?>
<!-- Generated by org.testng.reporters.JUnitReportReporter -->
<testsuite hostname="DESKTOP-0H2MMO1" name="com.yoloj.TestCases.TC_UserRegister_Retest" tests="1" failures="0" timestamp="2 Sep 2020 09:07:00 GMT" time="431.494" errors="0">
  <testcase name="userRegister" time="431.494" classname="com.yoloj.TestCases.TC_UserRegister_Retest"/>
</testsuite> <!-- com.yoloj.TestCases.TC_UserRegister_Retest -->
