<?xml version="1.0" encoding="UTF-8"?>
<!-- Generated by org.testng.reporters.JUnitReportReporter -->
<testsuite hostname="DESKTOP-0H2MMO1" name="com.yoloj.TestCases.TC_UserRegister_02" tests="1" failures="0" timestamp="9 Sep 2020 08:11:33 GMT" time="212.303" errors="0">
  <testcase name="test2" time="212.303" classname="com.yoloj.TestCases.TC_UserRegister_02"/>
</testsuite> <!-- com.yoloj.TestCases.TC_UserRegister_02 -->
