<?xml version="1.0" encoding="UTF-8"?>
<!-- Generated by org.testng.reporters.JUnitReportReporter -->
<testsuite skipped="0" hostname="ArunAks" name="com.yoloj.TestCases.TC_Login_Retest" tests="1" failures="0" timestamp="2020-08-27T17:26:54 IST" time="283.509" errors="0">
  <testcase name="loginTestCase" time="283.509" classname="com.yoloj.TestCases.TC_Login_Retest"/>
  <system-out/>
</testsuite> <!-- com.yoloj.TestCases.TC_Login_Retest -->
