<?xml version="1.0" encoding="UTF-8"?>
<!-- Generated by org.testng.reporters.JUnitReportReporter -->
<testsuite hostname="DESKTOP-0H2MMO1" name="com.yoloj.TestCases.Smaple" tests="1" failures="0" timestamp="2 Sep 2020 01:48:20 GMT" time="51.034" errors="0">
  <testcase name="test" time="51.034" classname="com.yoloj.TestCases.Smaple"/>
</testsuite> <!-- com.yoloj.TestCases.Smaple -->
